Using pre-set license
Built from '2020.3/release' branch; Version is '2020.3.34f1 (9a4c9c70452b) revision 10112156'; Using compiler version '192528614'; Build Type 'Release'
OS: 'Windows 10  (10.0.19045) 64bit CoreSingleLanguage' Language: 'es' Physical Memory: 3460 MB
BatchMode: 1, IsHumanControllingUs: 0, StartBugReporterOnCrash: 0, Is64bit: 1, IsPro: 0

COMMAND LINE ARGUMENTS:
C:\Program Files\Unity\Hub\Editor\2020.3.34f1\Editor\Unity.exe
-adb2
-batchMode
-noUpm
-name
AssetImportWorker0
-projectPath
C:/Users/DrawH/Desktop/juegosudemy2018/firstrpg
-logFile
Logs/AssetImportWorker0.log
-srvPort
56259
Successfully changed project path to: C:/Users/DrawH/Desktop/juegosudemy2018/firstrpg
C:/Users/DrawH/Desktop/juegosudemy2018/firstrpg
Using Asset Import Pipeline V2.
