Using pre-set license
Built from '2020.3/release' branch; Version is '2020.3.34f1 (9a4c9c70452b) revision 10112156'; Using compiler version '192528614'; Build Type 'Release'
OS: 'Windows 10  (10.0.19045) 64bit CoreSingleLanguage' Language: 'es' Physical Memory: 3460 MB
BatchMode: 1, IsHumanControllingUs: 0, StartBugReporterOnCrash: 0, Is64bit: 1, IsPro: 0

COMMAND LINE ARGUMENTS:
C:\Program Files\Unity\Hub\Editor\2020.3.34f1\Editor\Unity.exe
-adb2
-batchMode
-noUpm
-name
AssetImportWorker2
-projectPath
C:/Users/DrawH/Desktop/juegosudemy2018/firstrpg
-logFile
Logs/AssetImportWorker2.log
-srvPort
54148
Successfully changed project path to: C:/Users/DrawH/Desktop/juegosudemy2018/firstrpg
C:/Users/DrawH/Desktop/juegosudemy2018/firstrpg
Using Asset Import Pipeline V2.
Refreshing native plugins compatible for Editor in 119.17 ms, found 3 plugins.
Preloading 0 native plugins for Editor in 0.00 ms.
Initialize engine version: 2020.3.34f1 (9a4c9c70452b)
[Subsystems] Discovering subsystems at path C:/Program Files/Unity/Hub/Editor/2020.3.34f1/Editor/Data/Resources/UnitySubsystems
[Subsystems] Discovering subsystems at path C:/Users/DrawH/Desktop/juegosudemy2018/firstrpg/Assets
GfxDevice: creating device client; threaded=0
Direct3D:
    Version:  Direct3D 11.0 [level 11.1]
    Renderer: AMD Radeon(TM) Vega 3 Graphics (ID=0x15d8)
    Vendor:   
    VRAM:     1730 MB
    Driver:   26.20.14046.3
Initialize mono
Mono path[0] = 'C:/Program Files/Unity/Hub/Editor/2020.3.34f1/Editor/Data/Managed'
Mono path[1] = 'C:/Program Files/Unity/Hub/Editor/2020.3.34f1/Editor/Data/MonoBleedingEdge/lib/mono/unityjit'
Mono config path = 'C:/Program Files/Unity/Hub/Editor/2020.3.34f1/Editor/Data/MonoBleedingEdge/etc'
Using monoOptions --debugger-agent=transport=dt_socket,embedding=1,server=y,suspend=n,address=127.0.0.1:56364
Begin MonoManager ReloadAssembly
Registering precompiled unity dll's ...
Register platform support module: C:/Program Files/Unity/Hub/Editor/2020.3.34f1/Editor/Data/PlaybackEngines/WindowsStandaloneSupport/UnityEditor.WindowsStandalone.Extensions.dll
Registered in 0.005190 seconds.
Native extension for WindowsStandalone target not found
Refreshing native plugins compatible for Editor in 121.34 ms, found 3 plugins.
Preloading 0 native plugins for Editor in 0.00 ms.
Mono: successfully reloaded assembly
- Completed reload, in  1.708 seconds
Domain Reload Profiling:
	ReloadAssembly (1709ms)
		BeginReloadAssembly (229ms)
			ExecutionOrderSort (0ms)
			DisableScriptedObjects (0ms)
			BackupInstance (0ms)
			ReleaseScriptingObjects (0ms)
			CreateAndSetChildDomain (2ms)
		EndReloadAssembly (1224ms)
			LoadAssemblies (223ms)
			RebuildTransferFunctionScriptingTraits (0ms)
			SetupTypeCache (313ms)
			ReleaseScriptCaches (0ms)
			RebuildScriptCaches (121ms)
			SetupLoadedEditorAssemblies (497ms)
				LogAssemblyErrors (0ms)
				InitializePlatformSupportModulesInManaged (17ms)
				SetLoadedEditorAssemblies (1ms)
				RefreshPlugins (122ms)
				BeforeProcessingInitializeOnLoad (60ms)
				ProcessInitializeOnLoadAttributes (228ms)
				ProcessInitializeOnLoadMethodAttributes (70ms)
				AfterProcessingInitializeOnLoad (0ms)
				EditorAssembliesLoaded (1ms)
			ExecutionOrderSort2 (0ms)
			AwakeInstancesAfterBackupRestoration (0ms)
Platform modules already initialized, skipping
Registering precompiled user dll's ...
Registered in 0.008602 seconds.
Begin MonoManager ReloadAssembly
Native extension for WindowsStandalone target not found
Refreshing native plugins compatible for Editor in 114.44 ms, found 3 plugins.
Preloading 0 native plugins for Editor in 0.00 ms.
Mono: successfully reloaded assembly
- Completed reload, in  6.181 seconds
Domain Reload Profiling:
	ReloadAssembly (6337ms)
		BeginReloadAssembly (387ms)
			ExecutionOrderSort (0ms)
			DisableScriptedObjects (17ms)
			BackupInstance (0ms)
			ReleaseScriptingObjects (0ms)
			CreateAndSetChildDomain (50ms)
		EndReloadAssembly (5747ms)
			LoadAssemblies (2553ms)
			RebuildTransferFunctionScriptingTraits (0ms)
			SetupTypeCache (1035ms)
			ReleaseScriptCaches (1ms)
			RebuildScriptCaches (216ms)
			SetupLoadedEditorAssemblies (1363ms)
				LogAssemblyErrors (0ms)
				InitializePlatformSupportModulesInManaged (12ms)
				SetLoadedEditorAssemblies (1ms)
				RefreshPlugins (115ms)
				BeforeProcessingInitializeOnLoad (301ms)
				ProcessInitializeOnLoadAttributes (671ms)
				ProcessInitializeOnLoadMethodAttributes (235ms)
				AfterProcessingInitializeOnLoad (27ms)
				EditorAssembliesLoaded (1ms)
			ExecutionOrderSort2 (0ms)
			AwakeInstancesAfterBackupRestoration (7ms)
Platform modules already initialized, skipping
========================================================================
Worker process is ready to serve import requests
Launched and connected shader compiler UnityShaderCompiler.exe after 1.15 seconds
Refreshing native plugins compatible for Editor in 2.23 ms, found 3 plugins.
Preloading 0 native plugins for Editor in 0.00 ms.
Unloading 2167 Unused Serialized files (Serialized files now loaded: 0)
System memory in use before: 97.9 MB.
System memory in use after: 97.9 MB.

Unloading 26 unused Assets to reduce memory usage. Loaded Objects now: 2604.
Total: 11.222700 ms (FindLiveObjects: 0.698900 ms CreateObjectMapping: 0.426000 ms MarkObjects: 9.770600 ms  DeleteObjects: 0.323900 ms)

AssetImportParameters requested are different than current active one (requested -> active):
  custom:framework-win-MediaFoundation: 216162199b28c13a410421893ffa2e32 -> 
  custom:video-decoder-ogg-theora: a1e56fd34408186e4bbccfd4996cb3dc -> 
  custom:container-muxer-webm: aa71ff27fc2769a1b78a27578f13a17b -> 
  custom:container-demuxer-webm: 4f35f7cbe854078d1ac9338744f61a02 -> 
  custom:container-demuxer-ogg: 62fdf1f143b41e24485cea50d1cbac27 -> 
  custom:video-encoder-webm-vp8: eb34c28f22e8b96e1ab97ce403110664 -> 
  custom:video-codec-MediaFoundation-h265: 746d11721c4dcdbdad8f713fa42b33f4 -> 
  custom:video-decoder-webm-vp8: 9c59270c3fd7afecdb556c50c9e8de78 -> 
  custom:audio-decoder-ogg-vorbis: bf7c407c2cedff20999df2af8eb42d56 -> 
  custom:audio-encoder-webm-vorbis: bf7c407c2cedff20999df2af8eb42d56 -> 
========================================================================
Received Import Request.
  path: Assets/Tiles/RPG.prefab
  artifactKey: Guid(a20ba7934a371c246859841d276b1d0c) Importer(815301076,1909f56bfc062723c751e8b465ee728b)
Start importing Assets/Tiles/RPG.prefab using Guid(a20ba7934a371c246859841d276b1d0c) Importer(815301076,1909f56bfc062723c751e8b465ee728b)  -> (artifact id: 'a178e97246872b3b1bebcec2c3560c2e') in 6.169367 seconds 
========================================================================
Received Import Request.
  Time since last request: 213.239378 seconds.
  path: Assets/Tiles/Arena.asset
  artifactKey: Guid(e54eb0fcf064efc48b674cd4693f16bf) Importer(815301076,1909f56bfc062723c751e8b465ee728b)
Start importing Assets/Tiles/Arena.asset using Guid(e54eb0fcf064efc48b674cd4693f16bf) Importer(815301076,1909f56bfc062723c751e8b465ee728b)  -> (artifact id: 'f687fa0bb1569d27864daebb25b66524') in 0.295084 seconds 
========================================================================
Received Import Request.
  Time since last request: 540.893436 seconds.
  path: Assets/Tiles/Extra/Pasto_1.asset
  artifactKey: Guid(dcb29c1645bfbca4588f232425ac978f) Importer(815301076,1909f56bfc062723c751e8b465ee728b)
Start importing Assets/Tiles/Extra/Pasto_1.asset using Guid(dcb29c1645bfbca4588f232425ac978f) Importer(815301076,1909f56bfc062723c751e8b465ee728b)  -> (artifact id: '860a7b0125b974928a4e42b816a9b470') in 0.158913 seconds 
========================================================================
Received Import Request.
  Time since last request: 0.000819 seconds.
  path: Assets/Tiles/Extra/Pasto_3.asset
  artifactKey: Guid(10fc6acb18e988142a341559a352a530) Importer(815301076,1909f56bfc062723c751e8b465ee728b)
Start importing Assets/Tiles/Extra/Pasto_3.asset using Guid(10fc6acb18e988142a341559a352a530) Importer(815301076,1909f56bfc062723c751e8b465ee728b)  -> (artifact id: 'b9c07da04b126d10f1b911fa91df5f03') in 0.112223 seconds 
========================================================================
Received Import Request.
  Time since last request: 0.000879 seconds.
  path: Assets/Tiles/Extra/Pasto_5.asset
  artifactKey: Guid(17fbf90fe9dea434c8dba6a91b96f6c5) Importer(815301076,1909f56bfc062723c751e8b465ee728b)
Start importing Assets/Tiles/Extra/Pasto_5.asset using Guid(17fbf90fe9dea434c8dba6a91b96f6c5) Importer(815301076,1909f56bfc062723c751e8b465ee728b)  -> (artifact id: '4afaaf1690378bf039d33cc5b0ea2791') in 0.101700 seconds 
========================================================================
Received Import Request.
  Time since last request: 0.000806 seconds.
  path: Assets/Tiles/Extra/TilesetElement_1.asset
  artifactKey: Guid(5606b0fcae8b48446a6779fa8d9ea8b3) Importer(815301076,1909f56bfc062723c751e8b465ee728b)
Start importing Assets/Tiles/Extra/TilesetElement_1.asset using Guid(5606b0fcae8b48446a6779fa8d9ea8b3) Importer(815301076,1909f56bfc062723c751e8b465ee728b)  -> (artifact id: '1a2329a14000b75ace60fce10f5121b1') in 0.056076 seconds 
========================================================================
Received Import Request.
  Time since last request: 0.000733 seconds.
  path: Assets/Tiles/Extra/Pasto_4.asset
  artifactKey: Guid(e74111673eacc3041a8fe2cc736bb3a2) Importer(815301076,1909f56bfc062723c751e8b465ee728b)
Start importing Assets/Tiles/Extra/Pasto_4.asset using Guid(e74111673eacc3041a8fe2cc736bb3a2) Importer(815301076,1909f56bfc062723c751e8b465ee728b)  -> (artifact id: 'd05f5e1daab76c396d62dddf70f03c67') in 0.120756 seconds 
========================================================================
Received Import Request.
  Time since last request: 0.001206 seconds.
  path: Assets/Tiles/Extra/Pasto_2.asset
  artifactKey: Guid(2d922c0aefa90a54e970aa4c44e1141b) Importer(815301076,1909f56bfc062723c751e8b465ee728b)
Start importing Assets/Tiles/Extra/Pasto_2.asset using Guid(2d922c0aefa90a54e970aa4c44e1141b) Importer(815301076,1909f56bfc062723c751e8b465ee728b)  -> (artifact id: 'ed60e20b1ef21e1eb8659ab09c729434') in 0.097164 seconds 
========================================================================
Received Import Request.
  Time since last request: 0.000744 seconds.
  path: Assets/Tiles/Extra/TilesetElement_0.asset
  artifactKey: Guid(adbf0aaea4a71e0449eacf41c6e9ce45) Importer(815301076,1909f56bfc062723c751e8b465ee728b)
Start importing Assets/Tiles/Extra/TilesetElement_0.asset using Guid(adbf0aaea4a71e0449eacf41c6e9ce45) Importer(815301076,1909f56bfc062723c751e8b465ee728b)  -> (artifact id: '10b14735ac45cd570f8b0c27f0c1d16b') in 0.065481 seconds 
========================================================================
Received Import Request.
  Time since last request: 77.261826 seconds.
  path: Assets/Tiles/RPG.prefab
  artifactKey: Guid(a20ba7934a371c246859841d276b1d0c) Importer(815301076,1909f56bfc062723c751e8b465ee728b)
Start importing Assets/Tiles/RPG.prefab using Guid(a20ba7934a371c246859841d276b1d0c) Importer(815301076,1909f56bfc062723c751e8b465ee728b)  -> (artifact id: 'f1261c5bb2184686770788ae0f1d73b2') in 0.154455 seconds 
========================================================================
Received Import Request.
  Time since last request: 2422.252327 seconds.
  path: Assets/Tiles/arena-tierra.asset
  artifactKey: Guid(f6f64af0e462da2499fd0f4e270dafee) Importer(815301076,1909f56bfc062723c751e8b465ee728b)
Start importing Assets/Tiles/arena-tierra.asset using Guid(f6f64af0e462da2499fd0f4e270dafee) Importer(815301076,1909f56bfc062723c751e8b465ee728b)  -> (artifact id: '3ec4af1f9c99a68129219f86a196bc1e') in 0.047607 seconds 
========================================================================
Received Import Request.
  Time since last request: 35.279472 seconds.
  path: Assets/Tiles/RPG.prefab
  artifactKey: Guid(a20ba7934a371c246859841d276b1d0c) Importer(815301076,1909f56bfc062723c751e8b465ee728b)
Start importing Assets/Tiles/RPG.prefab using Guid(a20ba7934a371c246859841d276b1d0c) Importer(815301076,1909f56bfc062723c751e8b465ee728b)  -> (artifact id: 'b3a21f6c87c740b33e2a88808e12307f') in 2.900901 seconds 
========================================================================
Received Import Request.
  Time since last request: 2725.164858 seconds.
  path: Assets/Sprites/Items/Armas/Arco.png
  artifactKey: Guid(952a58d02444d2e4dac0cc62c2855042) Importer(815301076,1909f56bfc062723c751e8b465ee728b)
Start importing Assets/Sprites/Items/Armas/Arco.png using Guid(952a58d02444d2e4dac0cc62c2855042) Importer(815301076,1909f56bfc062723c751e8b465ee728b)  -> (artifact id: 'd83a244f98a7a233b2ab8e534e09a7fa') in 6.313033 seconds 
========================================================================
Received Import Request.
  Time since last request: 0.000696 seconds.
  path: Assets/Sprites/Items/Pergaminos/ScrollRoca.png
  artifactKey: Guid(1d680e778ef0419499908d392a2e615c) Importer(815301076,1909f56bfc062723c751e8b465ee728b)
Start importing Assets/Sprites/Items/Pergaminos/ScrollRoca.png using Guid(1d680e778ef0419499908d392a2e615c) Importer(815301076,1909f56bfc062723c751e8b465ee728b)  -> (artifact id: '3490c7ff112a92b456751fee325ef26e') in 0.205667 seconds 
========================================================================
Received Import Request.
  Time since last request: 0.000521 seconds.
  path: Assets/Sprites/Items/Armas/Libro.png
  artifactKey: Guid(727ce8b47202b5040b56c9cafbcf94ad) Importer(815301076,1909f56bfc062723c751e8b465ee728b)
Start importing Assets/Sprites/Items/Armas/Libro.png using Guid(727ce8b47202b5040b56c9cafbcf94ad) Importer(815301076,1909f56bfc062723c751e8b465ee728b)  -> (artifact id: 'fabde6312e18b3de55a2803cc6dfacff') in 0.151066 seconds 
========================================================================
Received Import Request.
  Time since last request: 0.000504 seconds.
  path: Assets/Sprites/Items/Pergaminos/ScrollFuego.png
  artifactKey: Guid(ea119e5f544b62f448fdd3baf6bfc713) Importer(815301076,1909f56bfc062723c751e8b465ee728b)
Start importing Assets/Sprites/Items/Pergaminos/ScrollFuego.png using Guid(ea119e5f544b62f448fdd3baf6bfc713) Importer(815301076,1909f56bfc062723c751e8b465ee728b)  -> (artifact id: 'c624b0599ff0d4750c6849eefee1d799') in 0.138661 seconds 
========================================================================
Received Import Request.
  Time since last request: 0.000458 seconds.
  path: Assets/Sprites/Items/Pociones/PocionEspecial.png
  artifactKey: Guid(51c6217992853a047a44fc890f53ac1d) Importer(815301076,1909f56bfc062723c751e8b465ee728b)
Start importing Assets/Sprites/Items/Pociones/PocionEspecial.png using Guid(51c6217992853a047a44fc890f53ac1d) Importer(815301076,1909f56bfc062723c751e8b465ee728b)  -> (artifact id: '96ca2a7c48b65e686be438177cf84900') in 0.115806 seconds 
========================================================================
Received Import Request.
  Time since last request: 0.000439 seconds.
  path: Assets/Sprites/Items/Tesoros/TazaPlateada.png
  artifactKey: Guid(0d3a82360aac5dd4e90bf6ea12cc6ece) Importer(815301076,1909f56bfc062723c751e8b465ee728b)
Start importing Assets/Sprites/Items/Tesoros/TazaPlateada.png using Guid(0d3a82360aac5dd4e90bf6ea12cc6ece) Importer(815301076,1909f56bfc062723c751e8b465ee728b)  -> (artifact id: '09ce70a4ec832b08b8a68423cc8c66e6') in 0.257262 seconds 
========================================================================
Received Import Request.
  Time since last request: 0.000496 seconds.
  path: Assets/Sprites/Items/Armas/Hueso.png
  artifactKey: Guid(d8150e91f3fd2a848b02f77153e50573) Importer(815301076,1909f56bfc062723c751e8b465ee728b)
Start importing Assets/Sprites/Items/Armas/Hueso.png using Guid(d8150e91f3fd2a848b02f77153e50573) Importer(815301076,1909f56bfc062723c751e8b465ee728b)  -> (artifact id: '81624754d2bb310ab4b2f66b268b1145') in 0.217453 seconds 
========================================================================
Received Import Request.
  Time since last request: 0.000460 seconds.
  path: Assets/Sprites/Items/Tesoros/LlaveDorada.png
  artifactKey: Guid(30e0a786513d8e842a81686a790a6223) Importer(815301076,1909f56bfc062723c751e8b465ee728b)
Start importing Assets/Sprites/Items/Tesoros/LlaveDorada.png using Guid(30e0a786513d8e842a81686a790a6223) Importer(815301076,1909f56bfc062723c751e8b465ee728b)  -> (artifact id: '6c831a93759bd4570bb2ebfe9c6d1215') in 0.224798 seconds 
========================================================================
Received Import Request.
  Time since last request: 0.000498 seconds.
  path: Assets/Sprites/Items/Pergaminos/ScrollHierba.png
  artifactKey: Guid(85b3db35ba14d9d449d898af8cc28fe5) Importer(815301076,1909f56bfc062723c751e8b465ee728b)
Start importing Assets/Sprites/Items/Pergaminos/ScrollHierba.png using Guid(85b3db35ba14d9d449d898af8cc28fe5) Importer(815301076,1909f56bfc062723c751e8b465ee728b)  -> (artifact id: '0e396f5e58ab4e51248301522e8eeb96') in 0.400310 seconds 
========================================================================
Received Import Request.
  Time since last request: 0.000502 seconds.
  path: Assets/Sprites/Items/Pociones/FrascoVacio.png
  artifactKey: Guid(5b3bfdc8705be2c4da37e10d4799e2b5) Importer(815301076,1909f56bfc062723c751e8b465ee728b)
Start importing Assets/Sprites/Items/Pociones/FrascoVacio.png using Guid(5b3bfdc8705be2c4da37e10d4799e2b5) Importer(815301076,1909f56bfc062723c751e8b465ee728b)  -> (artifact id: 'd312d3ad8fc2bae33827b0eb37973f40') in 0.165122 seconds 
========================================================================
Received Import Request.
  Time since last request: 0.000534 seconds.
  path: Assets/Sprites/Items/Tesoros/MonedaPlateada.png
  artifactKey: Guid(5fdfd1acf9fbfdb49abafbbc0ce4a39b) Importer(815301076,1909f56bfc062723c751e8b465ee728b)
Start importing Assets/Sprites/Items/Tesoros/MonedaPlateada.png using Guid(5fdfd1acf9fbfdb49abafbbc0ce4a39b) Importer(815301076,1909f56bfc062723c751e8b465ee728b)  -> (artifact id: 'b6e2d977ca31ce23a69098dacc52cbf3') in 0.677456 seconds 
========================================================================
Received Import Request.
  Time since last request: 0.000970 seconds.
  path: Assets/Sprites/Items/Pergaminos/ScrollTrueno.png
  artifactKey: Guid(eb88485a251f178478404034404bc210) Importer(815301076,1909f56bfc062723c751e8b465ee728b)
Start importing Assets/Sprites/Items/Pergaminos/ScrollTrueno.png using Guid(eb88485a251f178478404034404bc210) Importer(815301076,1909f56bfc062723c751e8b465ee728b)  -> (artifact id: '1f0005ccd3a8fe7a4c88a58307835062') in 0.240217 seconds 
========================================================================
Received Import Request.
  Time since last request: 0.000463 seconds.
  path: Assets/Sprites/Items/Pociones/Corazon.png
  artifactKey: Guid(c8e46aa3f87733342b15ff09724c8fd8) Importer(815301076,1909f56bfc062723c751e8b465ee728b)
Start importing Assets/Sprites/Items/Pociones/Corazon.png using Guid(c8e46aa3f87733342b15ff09724c8fd8) Importer(815301076,1909f56bfc062723c751e8b465ee728b)  -> (artifact id: '17a7948d2fca0229abfa8b63a5eca1f8') in 0.181600 seconds 
========================================================================
Received Import Request.
  Time since last request: 0.135849 seconds.
  path: Assets/Sprites/Items/Tesoros/LlavePlateada.png
  artifactKey: Guid(58fda15a060f7714bb1a63281ae4bf33) Importer(815301076,1909f56bfc062723c751e8b465ee728b)
Start importing Assets/Sprites/Items/Tesoros/LlavePlateada.png using Guid(58fda15a060f7714bb1a63281ae4bf33) Importer(815301076,1909f56bfc062723c751e8b465ee728b)  -> (artifact id: '40e3164e6a02cfed1a1ebab5ada73cf0') in 0.251728 seconds 
========================================================================
Received Import Request.
  Time since last request: 0.000469 seconds.
  path: Assets/Sprites/Items/Armas/Vara.png
  artifactKey: Guid(535407ed84eb24a4497b46baaa5f9859) Importer(815301076,1909f56bfc062723c751e8b465ee728b)
Start importing Assets/Sprites/Items/Armas/Vara.png using Guid(535407ed84eb24a4497b46baaa5f9859) Importer(815301076,1909f56bfc062723c751e8b465ee728b)  -> (artifact id: 'dbcc19b1742e35b111fe04059a736ed8') in 0.307564 seconds 
========================================================================
Received Import Request.
  Time since last request: 0.000507 seconds.
  path: Assets/Sprites/Items/Pociones/PocionVida.png
  artifactKey: Guid(cc56a18b301d30047a6118ed863e6d9a) Importer(815301076,1909f56bfc062723c751e8b465ee728b)
Start importing Assets/Sprites/Items/Pociones/PocionVida.png using Guid(cc56a18b301d30047a6118ed863e6d9a) Importer(815301076,1909f56bfc062723c751e8b465ee728b)  -> (artifact id: '4f1c87ebedc72c39465b1c421732e487') in 0.132559 seconds 
========================================================================
Received Import Request.
  Time since last request: 0.000580 seconds.
  path: Assets/Sprites/Items/Tesoros/Shuriken.png
  artifactKey: Guid(2c129681ff1e41242a7eb4cb3c2ef27e) Importer(815301076,1909f56bfc062723c751e8b465ee728b)
Start importing Assets/Sprites/Items/Tesoros/Shuriken.png using Guid(2c129681ff1e41242a7eb4cb3c2ef27e) Importer(815301076,1909f56bfc062723c751e8b465ee728b)  -> (artifact id: 'bd7020720245c75304e03b3559bcc953') in 0.140864 seconds 
========================================================================
Received Import Request.
  Time since last request: 0.000461 seconds.
  path: Assets/Sprites/Items/Pociones/PocionMana.png
  artifactKey: Guid(73dcd7d86929bda44966e83f7008206d) Importer(815301076,1909f56bfc062723c751e8b465ee728b)
Start importing Assets/Sprites/Items/Pociones/PocionMana.png using Guid(73dcd7d86929bda44966e83f7008206d) Importer(815301076,1909f56bfc062723c751e8b465ee728b)  -> (artifact id: 'e21a7f1ff1579697ade10ee1c524be4a') in 0.160824 seconds 
========================================================================
Received Import Request.
  Time since last request: 0.000458 seconds.
  path: Assets/Sprites/Items/Armas/Tridente.png
  artifactKey: Guid(fb3db3f3f80239f4a85d15c7cb72b414) Importer(815301076,1909f56bfc062723c751e8b465ee728b)
Start importing Assets/Sprites/Items/Armas/Tridente.png using Guid(fb3db3f3f80239f4a85d15c7cb72b414) Importer(815301076,1909f56bfc062723c751e8b465ee728b)  -> (artifact id: 'eda895d526aa6788deb83c67e500f8e8') in 0.107139 seconds 
========================================================================
Received Import Request.
  Time since last request: 0.000467 seconds.
  path: Assets/Sprites/Items/Pociones/Medipack.png
  artifactKey: Guid(667cc15f4e2475b47a06fca43b9072db) Importer(815301076,1909f56bfc062723c751e8b465ee728b)
Start importing Assets/Sprites/Items/Pociones/Medipack.png using Guid(667cc15f4e2475b47a06fca43b9072db) Importer(815301076,1909f56bfc062723c751e8b465ee728b)  -> (artifact id: '70d4ffb69b7af1e7e1be2a5ef5f3cd94') in 0.144268 seconds 
========================================================================
Received Import Request.
  Time since last request: 0.000463 seconds.
  path: Assets/Sprites/Items/Armas/Mazo.png
  artifactKey: Guid(8558ae3db974ab54484b62c716019ac9) Importer(815301076,1909f56bfc062723c751e8b465ee728b)
Start importing Assets/Sprites/Items/Armas/Mazo.png using Guid(8558ae3db974ab54484b62c716019ac9) Importer(815301076,1909f56bfc062723c751e8b465ee728b)  -> (artifact id: '87f106f3ff2102006b767bb630d8b8a6') in 0.265231 seconds 
========================================================================
Received Import Request.
  Time since last request: 0.000522 seconds.
  path: Assets/Sprites/Items/Pergaminos/ScrollLibre.png
  artifactKey: Guid(ef504e23f4cf00b4595a0d82cadfda10) Importer(815301076,1909f56bfc062723c751e8b465ee728b)
Start importing Assets/Sprites/Items/Pergaminos/ScrollLibre.png using Guid(ef504e23f4cf00b4595a0d82cadfda10) Importer(815301076,1909f56bfc062723c751e8b465ee728b)  -> (artifact id: 'c458e882e5b2bce92f7b7ed10bd0689e') in 0.137489 seconds 
========================================================================
Received Import Request.
  Time since last request: 0.000510 seconds.
  path: Assets/Sprites/Items/Armas/Espada.png
  artifactKey: Guid(eaba9a17876227a4098cd3272771c291) Importer(815301076,1909f56bfc062723c751e8b465ee728b)
Start importing Assets/Sprites/Items/Armas/Espada.png using Guid(eaba9a17876227a4098cd3272771c291) Importer(815301076,1909f56bfc062723c751e8b465ee728b)  -> (artifact id: 'deab57bb8baaaddb5f96858300f4c4a8') in 0.107144 seconds 
========================================================================
Received Import Request.
  Time since last request: 0.000427 seconds.
  path: Assets/Sprites/Items/Tesoros/TazaDorada.png
  artifactKey: Guid(b84670385a7006144af2a5dc3c713ef1) Importer(815301076,1909f56bfc062723c751e8b465ee728b)
Start importing Assets/Sprites/Items/Tesoros/TazaDorada.png using Guid(b84670385a7006144af2a5dc3c713ef1) Importer(815301076,1909f56bfc062723c751e8b465ee728b)  -> (artifact id: '97fb29504dbcd8d089748848e17d9f17') in 0.142537 seconds 
========================================================================
Received Import Request.
  Time since last request: 0.000461 seconds.
  path: Assets/Sprites/Items/Armas/Baston.png
  artifactKey: Guid(2ff0ddb6806b5e64f9150508d993b5e3) Importer(815301076,1909f56bfc062723c751e8b465ee728b)
Start importing Assets/Sprites/Items/Armas/Baston.png using Guid(2ff0ddb6806b5e64f9150508d993b5e3) Importer(815301076,1909f56bfc062723c751e8b465ee728b)  -> (artifact id: '14781dfd40a8c3ac3b750fddd79002e2') in 0.148188 seconds 
========================================================================
Received Import Request.
  Time since last request: 0.000471 seconds.
  path: Assets/Sprites/Items/Pergaminos/ScrollHIelo.png
  artifactKey: Guid(b6b7bd69c518b3744a7823d1bd315729) Importer(815301076,1909f56bfc062723c751e8b465ee728b)
Start importing Assets/Sprites/Items/Pergaminos/ScrollHIelo.png using Guid(b6b7bd69c518b3744a7823d1bd315729) Importer(815301076,1909f56bfc062723c751e8b465ee728b)  -> (artifact id: 'f7750725095048aefa8a929490a31783') in 0.100794 seconds 
========================================================================
Received Import Request.
  Time since last request: 0.000635 seconds.
  path: Assets/Sprites/Items/Tesoros/Kunai.png
  artifactKey: Guid(477918f225643804180b1293dfcb8517) Importer(815301076,1909f56bfc062723c751e8b465ee728b)
Start importing Assets/Sprites/Items/Tesoros/Kunai.png using Guid(477918f225643804180b1293dfcb8517) Importer(815301076,1909f56bfc062723c751e8b465ee728b)  -> (artifact id: '2ee8bec84b525f0a59a30a10ca3a4f1b') in 0.119925 seconds 
========================================================================
Received Import Request.
  Time since last request: 6.774805 seconds.
  path: Assets/Sprites/UI/Dialog/Arrow.png
  artifactKey: Guid(c4bca5e9fda4e9e4b8dcb39729f3d043) Importer(815301076,1909f56bfc062723c751e8b465ee728b)
Start importing Assets/Sprites/UI/Dialog/Arrow.png using Guid(c4bca5e9fda4e9e4b8dcb39729f3d043) Importer(815301076,1909f56bfc062723c751e8b465ee728b)  -> (artifact id: 'e370ae195e95aef4e259d853456c1ea7') in 0.178900 seconds 
========================================================================
Received Import Request.
  Time since last request: 0.000649 seconds.
  path: Assets/Sprites/UI/Dialog/FacesetBox.png
  artifactKey: Guid(4f600009ebba3c84d9de4dfbc604c364) Importer(815301076,1909f56bfc062723c751e8b465ee728b)
Start importing Assets/Sprites/UI/Dialog/FacesetBox.png using Guid(4f600009ebba3c84d9de4dfbc604c364) Importer(815301076,1909f56bfc062723c751e8b465ee728b)  -> (artifact id: '5a3fc81bfbf5177cd20b972313e2b5ce') in 0.119390 seconds 
========================================================================
Received Import Request.
  Time since last request: 0.000489 seconds.
  path: Assets/Sprites/UI/Dialog/DialogueBoxSimple.png
  artifactKey: Guid(92d9c6381a3e9e54cb3413f1265c4abd) Importer(815301076,1909f56bfc062723c751e8b465ee728b)
Start importing Assets/Sprites/UI/Dialog/DialogueBoxSimple.png using Guid(92d9c6381a3e9e54cb3413f1265c4abd) Importer(815301076,1909f56bfc062723c751e8b465ee728b)  -> (artifact id: '195b1c275185f5f8361137dbba0b0f10') in 0.187138 seconds 
========================================================================
Received Import Request.
  Time since last request: 0.000462 seconds.
  path: Assets/Sprites/UI/Dialog/YesButton.png
  artifactKey: Guid(6fc4546b53d76534eb69d5568f49f4f9) Importer(815301076,1909f56bfc062723c751e8b465ee728b)
Start importing Assets/Sprites/UI/Dialog/YesButton.png using Guid(6fc4546b53d76534eb69d5568f49f4f9) Importer(815301076,1909f56bfc062723c751e8b465ee728b)  -> (artifact id: '480859e54d157144f10c7c0420231e8d') in 0.172998 seconds 
========================================================================
Received Import Request.
  Time since last request: 0.000557 seconds.
  path: Assets/Sprites/UI/Dialog/NoButton.png
  artifactKey: Guid(56bf7582c54a20f4dbdfa8364543c3a0) Importer(815301076,1909f56bfc062723c751e8b465ee728b)
Start importing Assets/Sprites/UI/Dialog/NoButton.png using Guid(56bf7582c54a20f4dbdfa8364543c3a0) Importer(815301076,1909f56bfc062723c751e8b465ee728b)  -> (artifact id: 'f7a133ae1b09868de13fcfb78a3275ff') in 0.114172 seconds 
========================================================================
Received Import Request.
  Time since last request: 0.000456 seconds.
  path: Assets/Sprites/UI/Dialog/ChoiceBox.png
  artifactKey: Guid(b4a674bee828e384b8b466895eccee1b) Importer(815301076,1909f56bfc062723c751e8b465ee728b)
Start importing Assets/Sprites/UI/Dialog/ChoiceBox.png using Guid(b4a674bee828e384b8b466895eccee1b) Importer(815301076,1909f56bfc062723c751e8b465ee728b)  -> (artifact id: 'f7c3494cafa0020132157b195bf606f2') in 0.093145 seconds 
========================================================================
Received Import Request.
  Time since last request: 32.674336 seconds.
  path: Assets/Sprites/Items/Ingredientes/Calamar.png
  artifactKey: Guid(f77f5f341fb5cdc428cdd0fea2b3bf0a) Importer(815301076,1909f56bfc062723c751e8b465ee728b)
Start importing Assets/Sprites/Items/Ingredientes/Calamar.png using Guid(f77f5f341fb5cdc428cdd0fea2b3bf0a) Importer(815301076,1909f56bfc062723c751e8b465ee728b)  -> (artifact id: 'f67d5b24333be00367802b1a8b89e23d') in 0.230846 seconds 
========================================================================
Received Import Request.
  Time since last request: 0.000656 seconds.
  path: Assets/Sprites/Items/Ingredientes/Carne.png
  artifactKey: Guid(f2efe8ce7a977b84d99c85c816b847f4) Importer(815301076,1909f56bfc062723c751e8b465ee728b)
Start importing Assets/Sprites/Items/Ingredientes/Carne.png using Guid(f2efe8ce7a977b84d99c85c816b847f4) Importer(815301076,1909f56bfc062723c751e8b465ee728b)  -> (artifact id: '3d96f67583badd20de49318a40bf4e3a') in 0.185388 seconds 
========================================================================
Received Import Request.
  Time since last request: 0.000511 seconds.
  path: Assets/Sprites/Items/Ingredientes/Galleta de la Fortuna.png
  artifactKey: Guid(4bada8b95fa6e4941add99f768d924e7) Importer(815301076,1909f56bfc062723c751e8b465ee728b)
Start importing Assets/Sprites/Items/Ingredientes/Galleta de la Fortuna.png using Guid(4bada8b95fa6e4941add99f768d924e7) Importer(815301076,1909f56bfc062723c751e8b465ee728b)  -> (artifact id: '52bb58c42b9a4ad0190cd155e3ebb588') in 0.099785 seconds 
========================================================================
Received Import Request.
  Time since last request: 0.000480 seconds.
  path: Assets/Sprites/Items/Ingredientes/Sushi.png
  artifactKey: Guid(6c1cc8ad791cd1240ad4ed49d6c5072a) Importer(815301076,1909f56bfc062723c751e8b465ee728b)
Start importing Assets/Sprites/Items/Ingredientes/Sushi.png using Guid(6c1cc8ad791cd1240ad4ed49d6c5072a) Importer(815301076,1909f56bfc062723c751e8b465ee728b)  -> (artifact id: '6caac2ec5c75759f154f1b4fba65142d') in 0.104342 seconds 
========================================================================
Received Import Request.
  Time since last request: 0.000436 seconds.
  path: Assets/Sprites/Items/Ingredientes/Fideos.png
  artifactKey: Guid(d1352229a83693141b7767551a46f12b) Importer(815301076,1909f56bfc062723c751e8b465ee728b)
Start importing Assets/Sprites/Items/Ingredientes/Fideos.png using Guid(d1352229a83693141b7767551a46f12b) Importer(815301076,1909f56bfc062723c751e8b465ee728b)  -> (artifact id: '60f82552a2ab1a850058cf250d6a7d63') in 0.091809 seconds 
========================================================================
Received Import Request.
  Time since last request: 0.000460 seconds.
  path: Assets/Sprites/Items/Ingredientes/Pescado.png
  artifactKey: Guid(2c7c4a0dd5b7a8a478bb14169062f549) Importer(815301076,1909f56bfc062723c751e8b465ee728b)
Start importing Assets/Sprites/Items/Ingredientes/Pescado.png using Guid(2c7c4a0dd5b7a8a478bb14169062f549) Importer(815301076,1909f56bfc062723c751e8b465ee728b)  -> (artifact id: '64df203bf50f16fb5840df878c42ce14') in 0.097402 seconds 
========================================================================
Received Import Request.
  Time since last request: 0.000454 seconds.
  path: Assets/Sprites/Items/Ingredientes/Miel.png
  artifactKey: Guid(bae19ee6a7a608f4dadae3d633135f02) Importer(815301076,1909f56bfc062723c751e8b465ee728b)
Start importing Assets/Sprites/Items/Ingredientes/Miel.png using Guid(bae19ee6a7a608f4dadae3d633135f02) Importer(815301076,1909f56bfc062723c751e8b465ee728b)  -> (artifact id: '4a092b9f92f4b0317549f4bb19be8fde') in 0.329041 seconds 
========================================================================
Received Import Request.
  Time since last request: 0.000932 seconds.
  path: Assets/Sprites/Items/Ingredientes/Camaron.png
  artifactKey: Guid(2bac71758908a8e4eb70a89cd9680cff) Importer(815301076,1909f56bfc062723c751e8b465ee728b)
Start importing Assets/Sprites/Items/Ingredientes/Camaron.png using Guid(2bac71758908a8e4eb70a89cd9680cff) Importer(815301076,1909f56bfc062723c751e8b465ee728b)  -> (artifact id: 'de5851e230cc6ec7a0fa3f57f53667ee') in 0.143803 seconds 
========================================================================
Received Import Request.
  Time since last request: 596.471760 seconds.
  path: Assets/Sprites/Mapa/TilesetHouse.png
  artifactKey: Guid(fddd3639ddc83814482dc6df2b6ec212) Importer(815301076,1909f56bfc062723c751e8b465ee728b)
Start importing Assets/Sprites/Mapa/TilesetHouse.png using Guid(fddd3639ddc83814482dc6df2b6ec212) Importer(815301076,1909f56bfc062723c751e8b465ee728b)  -> (artifact id: '45341cb91504aa6f4c8c8191240b493c') in 0.326769 seconds 
========================================================================
Received Import Request.
  Time since last request: 64.001266 seconds.
  path: Assets/Sprites/Mapa/TilesetHouse.png
  artifactKey: Guid(fddd3639ddc83814482dc6df2b6ec212) Importer(815301076,1909f56bfc062723c751e8b465ee728b)
Start importing Assets/Sprites/Mapa/TilesetHouse.png using Guid(fddd3639ddc83814482dc6df2b6ec212) Importer(815301076,1909f56bfc062723c751e8b465ee728b)  -> (artifact id: 'a2139aa1a91c5ca55918d5cd1c7ecf93') in 0.187806 seconds 
========================================================================
Received Import Request.
  Time since last request: 78.325830 seconds.
  path: Assets/Sprites/Mapa/Mapa_Agua.png
  artifactKey: Guid(d4c734af94e8c0d43a8ee6853bd46b6f) Importer(815301076,1909f56bfc062723c751e8b465ee728b)
Start importing Assets/Sprites/Mapa/Mapa_Agua.png using Guid(d4c734af94e8c0d43a8ee6853bd46b6f) Importer(815301076,1909f56bfc062723c751e8b465ee728b)  -> (artifact id: 'd3d6f3298db4280734325eebbe1f80de') in 0.173701 seconds 
========================================================================
Received Import Request.
  Time since last request: 12.637970 seconds.
  path: Assets/Sprites/Mapa/Mapa_Agua.png
  artifactKey: Guid(d4c734af94e8c0d43a8ee6853bd46b6f) Importer(815301076,1909f56bfc062723c751e8b465ee728b)
Start importing Assets/Sprites/Mapa/Mapa_Agua.png using Guid(d4c734af94e8c0d43a8ee6853bd46b6f) Importer(815301076,1909f56bfc062723c751e8b465ee728b)  -> (artifact id: '6e38028983734b84879983e66db8639e') in 0.065236 seconds 
========================================================================
Received Import Request.
  Time since last request: 2799.303937 seconds.
  path: Assets/Sprites/Proyectiles/BolaEnergia.png
  artifactKey: Guid(26d36156497f64940abdaf9c2f91a3ca) Importer(815301076,1909f56bfc062723c751e8b465ee728b)
Start importing Assets/Sprites/Proyectiles/BolaEnergia.png using Guid(26d36156497f64940abdaf9c2f91a3ca) Importer(815301076,1909f56bfc062723c751e8b465ee728b)  -> (artifact id: '94f75f6c05e84f5c38b54d6ad4a290ed') in 1.296957 seconds 
========================================================================
Received Import Request.
  Time since last request: 0.002336 seconds.
  path: Assets/Sprites/Proyectiles/Roca.png
  artifactKey: Guid(c02ffe2f16167d644bec10675243d0b2) Importer(815301076,1909f56bfc062723c751e8b465ee728b)
Start importing Assets/Sprites/Proyectiles/Roca.png using Guid(c02ffe2f16167d644bec10675243d0b2) Importer(815301076,1909f56bfc062723c751e8b465ee728b)  -> (artifact id: '4b08b2bef6f3d42d6d0c04b1be911c81') in 0.231624 seconds 
========================================================================
Received Import Request.
  Time since last request: 0.000830 seconds.
  path: Assets/Sprites/Proyectiles/PicoHielo.png
  artifactKey: Guid(72bdc60d42a43d0449ab72daefa62695) Importer(815301076,1909f56bfc062723c751e8b465ee728b)
Start importing Assets/Sprites/Proyectiles/PicoHielo.png using Guid(72bdc60d42a43d0449ab72daefa62695) Importer(815301076,1909f56bfc062723c751e8b465ee728b)  -> (artifact id: '410c15d16a6e3481f86563402b177adf') in 0.210856 seconds 
========================================================================
Received Import Request.
  Time since last request: 0.000817 seconds.
  path: Assets/Sprites/Proyectiles/BolaFuego.png
  artifactKey: Guid(703cd7b4367abc941b625a8011d366f9) Importer(815301076,1909f56bfc062723c751e8b465ee728b)
Start importing Assets/Sprites/Proyectiles/BolaFuego.png using Guid(703cd7b4367abc941b625a8011d366f9) Importer(815301076,1909f56bfc062723c751e8b465ee728b)  -> (artifact id: '1164ce524cf22369ba972e28570fb831') in 0.112627 seconds 
========================================================================
Received Import Request.
  Time since last request: 0.000821 seconds.
  path: Assets/Sprites/Proyectiles/PicoHierba.png
  artifactKey: Guid(def8b5d0208e6244fab409eeaea5739e) Importer(815301076,1909f56bfc062723c751e8b465ee728b)
Start importing Assets/Sprites/Proyectiles/PicoHierba.png using Guid(def8b5d0208e6244fab409eeaea5739e) Importer(815301076,1909f56bfc062723c751e8b465ee728b)  -> (artifact id: '59f54421430892e93b75dd661aa03fec') in 0.213265 seconds 
========================================================================
Received Import Request.
  Time since last request: 214.144758 seconds.
  path: Assets/Sprites/Items
  artifactKey: Guid(0569055ce1e8da14dba853234609df15) Importer(815301076,1909f56bfc062723c751e8b465ee728b)
Start importing Assets/Sprites/Items using Guid(0569055ce1e8da14dba853234609df15) Importer(815301076,1909f56bfc062723c751e8b465ee728b)  -> (artifact id: 'cece76e812730335166102f32ce982c5') in 0.070616 seconds 
========================================================================
Received Import Request.
  Time since last request: 624.882943 seconds.
  path: Assets/Sprites/Mapa/TilesetNature.png
  artifactKey: Guid(b109132e4e66c8542a484855f37878f4) Importer(815301076,1909f56bfc062723c751e8b465ee728b)
Start importing Assets/Sprites/Mapa/TilesetNature.png using Guid(b109132e4e66c8542a484855f37878f4) Importer(815301076,1909f56bfc062723c751e8b465ee728b)  -> (artifact id: '3b94982435c5666263441b23e279c306') in 2.266525 seconds 
========================================================================
Received Import Request.
  Time since last request: 265.192988 seconds.
  path: Assets/Tiles/RPG.prefab
  artifactKey: Guid(a20ba7934a371c246859841d276b1d0c) Importer(815301076,1909f56bfc062723c751e8b465ee728b)
Start importing Assets/Tiles/RPG.prefab using Guid(a20ba7934a371c246859841d276b1d0c) Importer(815301076,1909f56bfc062723c751e8b465ee728b)  -> (artifact id: '6e7d413ab1b85137836e5b5c259c2127') in 5.118041 seconds 
========================================================================
Received Import Request.
  Time since last request: 128.352803 seconds.
  path: Assets/Sprites/Mapa/TilesetNature_16.asset
  artifactKey: Guid(a606e6f30476f6f44aa2f6303027e486) Importer(815301076,1909f56bfc062723c751e8b465ee728b)
Start importing Assets/Sprites/Mapa/TilesetNature_16.asset using Guid(a606e6f30476f6f44aa2f6303027e486) Importer(815301076,1909f56bfc062723c751e8b465ee728b)  -> (artifact id: '7ee5408fa4efb0214f357c088256a4f9') in 0.630759 seconds 
========================================================================
Received Import Request.
  Time since last request: 6836.947911 seconds.
  path: Assets/Sprites/Mapa/TilesetHouse.png
  artifactKey: Guid(fddd3639ddc83814482dc6df2b6ec212) Importer(815301076,1909f56bfc062723c751e8b465ee728b)
Start importing Assets/Sprites/Mapa/TilesetHouse.png using Guid(fddd3639ddc83814482dc6df2b6ec212) Importer(815301076,1909f56bfc062723c751e8b465ee728b)  -> (artifact id: 'f61413ac41ef542a1187213940d316d4') in 1.272671 seconds 
========================================================================
Received Import Request.
  Time since last request: 927.334212 seconds.
  path: ProjectSettings/TagManager.asset
  artifactKey: Guid(00000000000000003000000000000000) Importer(815301076,1909f56bfc062723c751e8b465ee728b)
Start importing ProjectSettings/TagManager.asset using Guid(00000000000000003000000000000000) Importer(815301076,1909f56bfc062723c751e8b465ee728b)  -> (artifact id: '6d7a45bdaa2ef5e771c8d499bbf8df1d') in 0.942629 seconds 
========================================================================
Received Import Request.
  Time since last request: 1255.888044 seconds.
  path: Assets/Prefab/Arbol.prefab
  artifactKey: Guid(2e0474da71fd24a43a71ac11da85b0dd) Importer(815301076,1909f56bfc062723c751e8b465ee728b)
Start importing Assets/Prefab/Arbol.prefab using Guid(2e0474da71fd24a43a71ac11da85b0dd) Importer(815301076,1909f56bfc062723c751e8b465ee728b)  -> (artifact id: '831daccca47cad7dec9377d1059b0281') in 2.697102 seconds 
========================================================================
Received Import Request.
  Time since last request: 583.956724 seconds.
  path: Assets/Sprites/Mapa/Mapa_Agua.png
  artifactKey: Guid(d4c734af94e8c0d43a8ee6853bd46b6f) Importer(815301076,1909f56bfc062723c751e8b465ee728b)
Start importing Assets/Sprites/Mapa/Mapa_Agua.png using Guid(d4c734af94e8c0d43a8ee6853bd46b6f) Importer(815301076,1909f56bfc062723c751e8b465ee728b)  -> (artifact id: '356e11091376a5dfdb75935ab91faeae') in 2.676864 seconds 
========================================================================
Received Import Request.
  Time since last request: 5.839580 seconds.
  path: Assets/Tiles/RPG.prefab
  artifactKey: Guid(a20ba7934a371c246859841d276b1d0c) Importer(815301076,1909f56bfc062723c751e8b465ee728b)
Start importing Assets/Tiles/RPG.prefab using Guid(a20ba7934a371c246859841d276b1d0c) Importer(815301076,1909f56bfc062723c751e8b465ee728b)  -> (artifact id: 'bdb30a01d47eb48147dbdad92b5d2779') in 4.734778 seconds 
========================================================================
Received Import Request.
  Time since last request: 22.805698 seconds.
  path: Assets/Tiles/Agua.asset
  artifactKey: Guid(aad10cee57a630e4f835a6be5d771be2) Importer(815301076,1909f56bfc062723c751e8b465ee728b)
Start importing Assets/Tiles/Agua.asset using Guid(aad10cee57a630e4f835a6be5d771be2) Importer(815301076,1909f56bfc062723c751e8b465ee728b)  -> (artifact id: '68e9c79af8bbcd03902163180749bae5') in 0.937670 seconds 
========================================================================
Received Import Request.
  Time since last request: 471.993154 seconds.
  path: Assets/Sprites/Mapa/Mapa_Agua.png
  artifactKey: Guid(d4c734af94e8c0d43a8ee6853bd46b6f) Importer(815301076,1909f56bfc062723c751e8b465ee728b)
Start importing Assets/Sprites/Mapa/Mapa_Agua.png using Guid(d4c734af94e8c0d43a8ee6853bd46b6f) Importer(815301076,1909f56bfc062723c751e8b465ee728b)  -> (artifact id: '7a2c22897764d8cf9723d3fd95d2d57d') in 0.350992 seconds 
========================================================================
Received Import Request.
  Time since last request: 801.890637 seconds.
  path: Assets/Tiles/RPG.prefab
  artifactKey: Guid(a20ba7934a371c246859841d276b1d0c) Importer(815301076,1909f56bfc062723c751e8b465ee728b)
Start importing Assets/Tiles/RPG.prefab using Guid(a20ba7934a371c246859841d276b1d0c) Importer(815301076,1909f56bfc062723c751e8b465ee728b)  -> (artifact id: '6365560b88e7ce2ed297e0247605163f') in 0.437195 seconds 
========================================================================
Received Import Request.
  Time since last request: 120.983248 seconds.
  path: Assets/Tiles/Agua.asset
  artifactKey: Guid(aad10cee57a630e4f835a6be5d771be2) Importer(815301076,1909f56bfc062723c751e8b465ee728b)
Start importing Assets/Tiles/Agua.asset using Guid(aad10cee57a630e4f835a6be5d771be2) Importer(815301076,1909f56bfc062723c751e8b465ee728b)  -> (artifact id: '24cf9942feadb0c3be662b09a73da801') in 1.521251 seconds 
========================================================================
Received Import Request.
  Time since last request: 0.000499 seconds.
  path: Assets/Tiles/arena-tierra.asset
  artifactKey: Guid(f6f64af0e462da2499fd0f4e270dafee) Importer(815301076,1909f56bfc062723c751e8b465ee728b)
Start importing Assets/Tiles/arena-tierra.asset using Guid(f6f64af0e462da2499fd0f4e270dafee) Importer(815301076,1909f56bfc062723c751e8b465ee728b)  -> (artifact id: '0e7806d84439ded5793af014403fe003') in 0.084345 seconds 
========================================================================
Received Import Request.
  Time since last request: 0.000467 seconds.
  path: Assets/Tiles/Arena.asset
  artifactKey: Guid(e54eb0fcf064efc48b674cd4693f16bf) Importer(815301076,1909f56bfc062723c751e8b465ee728b)
Start importing Assets/Tiles/Arena.asset using Guid(e54eb0fcf064efc48b674cd4693f16bf) Importer(815301076,1909f56bfc062723c751e8b465ee728b)  -> (artifact id: '38f45e0a2c8b10515da81f45b8239f5f') in 0.107748 seconds 
========================================================================
Received Prepare
Refreshing native plugins compatible for Editor in 1940.61 ms, found 3 plugins.
Preloading 0 native plugins for Editor in 0.00 ms.
Unloading 13 Unused Serialized files (Serialized files now loaded: 0)
System memory in use before: 57.5 MB.
System memory in use after: 57.6 MB.

Unloading 14 unused Assets to reduce memory usage. Loaded Objects now: 2754.
Total: 9623.274000 ms (FindLiveObjects: 1.276400 ms CreateObjectMapping: 0.216400 ms MarkObjects: 9621.291000 ms  DeleteObjects: 0.483700 ms)

AssetImportParameters requested are different than current active one (requested -> active):
  custom:framework-win-MediaFoundation: 216162199b28c13a410421893ffa2e32 -> 
  custom:video-decoder-ogg-theora: a1e56fd34408186e4bbccfd4996cb3dc -> 
  custom:container-muxer-webm: aa71ff27fc2769a1b78a27578f13a17b -> 
  custom:container-demuxer-webm: 4f35f7cbe854078d1ac9338744f61a02 -> 
  custom:container-demuxer-ogg: 62fdf1f143b41e24485cea50d1cbac27 -> 
  custom:video-encoder-webm-vp8: eb34c28f22e8b96e1ab97ce403110664 -> 
  custom:video-codec-MediaFoundation-h265: 746d11721c4dcdbdad8f713fa42b33f4 -> 
  custom:video-decoder-webm-vp8: 9c59270c3fd7afecdb556c50c9e8de78 -> 
  custom:audio-decoder-ogg-vorbis: bf7c407c2cedff20999df2af8eb42d56 -> 
  custom:audio-encoder-webm-vorbis: bf7c407c2cedff20999df2af8eb42d56 -> 
========================================================================
Received Prepare
Registering precompiled user dll's ...
Registered in 0.052839 seconds.
Begin MonoManager ReloadAssembly
Native extension for WindowsStandalone target not found
Refreshing native plugins compatible for Editor in 1.61 ms, found 3 plugins.
Preloading 0 native plugins for Editor in 0.00 ms.
Mono: successfully reloaded assembly
- Completed reload, in 12.633 seconds
Domain Reload Profiling:
	ReloadAssembly (12745ms)
		BeginReloadAssembly (7944ms)
			ExecutionOrderSort (1ms)
			DisableScriptedObjects (1325ms)
			BackupInstance (0ms)
			ReleaseScriptingObjects (0ms)
			CreateAndSetChildDomain (4807ms)
		EndReloadAssembly (4311ms)
			LoadAssemblies (679ms)
			RebuildTransferFunctionScriptingTraits (0ms)
			SetupTypeCache (1130ms)
			ReleaseScriptCaches (3ms)
			RebuildScriptCaches (195ms)
			SetupLoadedEditorAssemblies (2042ms)
				LogAssemblyErrors (0ms)
				InitializePlatformSupportModulesInManaged (99ms)
				SetLoadedEditorAssemblies (3ms)
				RefreshPlugins (2ms)
				BeforeProcessingInitializeOnLoad (743ms)
				ProcessInitializeOnLoadAttributes (905ms)
				ProcessInitializeOnLoadMethodAttributes (261ms)
				AfterProcessingInitializeOnLoad (28ms)
				EditorAssembliesLoaded (1ms)
			ExecutionOrderSort2 (0ms)
			AwakeInstancesAfterBackupRestoration (16ms)
Platform modules already initialized, skipping
Refreshing native plugins compatible for Editor in 1.63 ms, found 3 plugins.
Preloading 0 native plugins for Editor in 0.00 ms.
Unloading 2145 Unused Serialized files (Serialized files now loaded: 0)
System memory in use before: 99.6 MB.
System memory in use after: 99.8 MB.

Unloading 15 unused Assets to reduce memory usage. Loaded Objects now: 2757.
Total: 8.651000 ms (FindLiveObjects: 0.656400 ms CreateObjectMapping: 0.194400 ms MarkObjects: 7.583100 ms  DeleteObjects: 0.212800 ms)

AssetImportParameters requested are different than current active one (requested -> active):
  custom:framework-win-MediaFoundation: 216162199b28c13a410421893ffa2e32 -> 
  custom:video-decoder-ogg-theora: a1e56fd34408186e4bbccfd4996cb3dc -> 
  custom:container-muxer-webm: aa71ff27fc2769a1b78a27578f13a17b -> 
  custom:container-demuxer-webm: 4f35f7cbe854078d1ac9338744f61a02 -> 
  custom:container-demuxer-ogg: 62fdf1f143b41e24485cea50d1cbac27 -> 
  custom:video-encoder-webm-vp8: eb34c28f22e8b96e1ab97ce403110664 -> 
  custom:video-codec-MediaFoundation-h265: 746d11721c4dcdbdad8f713fa42b33f4 -> 
  custom:video-decoder-webm-vp8: 9c59270c3fd7afecdb556c50c9e8de78 -> 
  custom:audio-decoder-ogg-vorbis: bf7c407c2cedff20999df2af8eb42d56 -> 
  custom:audio-encoder-webm-vorbis: bf7c407c2cedff20999df2af8eb42d56 -> 
